Connecting to database specified by database.yml
  [1m[36m (12.0ms)[0m  [1mSELECT "schema_migrations"."version" FROM "schema_migrations" [0m
Migrating to CreateMovies (20111119180638)
  [1m[35m (0.1ms)[0m  select sqlite_version(*)
  [1m[36m (0.1ms)[0m  [1mSELECT "schema_migrations"."version" FROM "schema_migrations" [0m
Connecting to database specified by database.yml
  [1m[36m (8.0ms)[0m  [1mSELECT "schema_migrations"."version" FROM "schema_migrations" [0m
  [1m[35m (0.3ms)[0m  select sqlite_version(*)
  [1m[36m (14.5ms)[0m  [1mCREATE TABLE "movies" ("id" INTEGER PRIMARY KEY AUTOINCREMENT NOT NULL, "title" varchar(255), "rating" varchar(255), "description" text, "release_date" datetime, "created_at" datetime, "updated_at" datetime) [0m
  [1m[35m (10.5ms)[0m  CREATE TABLE "schema_migrations" ("version" varchar(255) NOT NULL) 
  [1m[36m (11.9ms)[0m  [1mCREATE UNIQUE INDEX "unique_schema_migrations" ON "schema_migrations" ("version")[0m
  [1m[35m (0.1ms)[0m  SELECT version FROM "schema_migrations"
  [1m[36m (10.6ms)[0m  [1mINSERT INTO "schema_migrations" (version) VALUES ('20120130161449')[0m
  [1m[35m (10.7ms)[0m  INSERT INTO "schema_migrations" (version) VALUES ('20111119180638')
Connecting to database specified by database.yml
Connecting to database specified by database.yml
  [1m[36m (8.0ms)[0m  [1mSELECT "schema_migrations"."version" FROM "schema_migrations" [0m
Migrating to CreateMovies (20111119180638)
Migrating to AddDirectorToMovies (20160404111008)
  [1m[35m (0.1ms)[0m  select sqlite_version(*)
  [1m[36m (0.1ms)[0m  [1mbegin transaction[0m
  [1m[35m (0.5ms)[0m  ALTER TABLE "movies" ADD "director" varchar(255)
  [1m[36m (0.2ms)[0m  [1mINSERT INTO "schema_migrations" ("version") VALUES ('20160404111008')[0m
  [1m[35m (10.4ms)[0m  commit transaction
  [1m[36m (0.2ms)[0m  [1mSELECT "schema_migrations"."version" FROM "schema_migrations" [0m
Connecting to database specified by database.yml
  [1m[36m (9.2ms)[0m  [1mSELECT "schema_migrations"."version" FROM "schema_migrations" [0m
  [1m[35m (0.3ms)[0m  select sqlite_version(*)
  [1m[36m (18.4ms)[0m  [1mCREATE TABLE "movies" ("id" INTEGER PRIMARY KEY AUTOINCREMENT NOT NULL, "title" varchar(255), "rating" varchar(255), "description" text, "release_date" datetime, "created_at" datetime, "updated_at" datetime, "director" varchar(255)) [0m
  [1m[35m (15.0ms)[0m  CREATE TABLE "schema_migrations" ("version" varchar(255) NOT NULL) 
  [1m[36m (11.8ms)[0m  [1mCREATE UNIQUE INDEX "unique_schema_migrations" ON "schema_migrations" ("version")[0m
  [1m[35m (0.2ms)[0m  SELECT version FROM "schema_migrations"
  [1m[36m (14.9ms)[0m  [1mINSERT INTO "schema_migrations" (version) VALUES ('20160404111008')[0m
  [1m[35m (12.1ms)[0m  INSERT INTO "schema_migrations" (version) VALUES ('20111119180638')
Connecting to database specified by database.yml
  [1m[36m (11.5ms)[0m  [1mSELECT "schema_migrations"."version" FROM "schema_migrations" [0m
  [1m[35m (0.4ms)[0m  select sqlite_version(*)
  [1m[36m (18.0ms)[0m  [1mCREATE TABLE "movies" ("id" INTEGER PRIMARY KEY AUTOINCREMENT NOT NULL, "title" varchar(255), "rating" varchar(255), "description" text, "release_date" datetime, "created_at" datetime, "updated_at" datetime, "director" varchar(255)) [0m
  [1m[35m (10.2ms)[0m  CREATE TABLE "schema_migrations" ("version" varchar(255) NOT NULL) 
  [1m[36m (11.8ms)[0m  [1mCREATE UNIQUE INDEX "unique_schema_migrations" ON "schema_migrations" ("version")[0m
  [1m[35m (0.1ms)[0m  SELECT version FROM "schema_migrations"
  [1m[36m (12.2ms)[0m  [1mINSERT INTO "schema_migrations" (version) VALUES ('20160404111008')[0m
  [1m[35m (10.5ms)[0m  INSERT INTO "schema_migrations" (version) VALUES ('20111119180638')
Connecting to database specified by database.yml
  [1m[36m (8.9ms)[0m  [1mSELECT "schema_migrations"."version" FROM "schema_migrations" [0m
  [1m[35m (0.4ms)[0m  select sqlite_version(*)
  [1m[36m (18.2ms)[0m  [1mCREATE TABLE "movies" ("id" INTEGER PRIMARY KEY AUTOINCREMENT NOT NULL, "title" varchar(255), "rating" varchar(255), "description" text, "release_date" datetime, "created_at" datetime, "updated_at" datetime, "director" varchar(255)) [0m
  [1m[35m (10.5ms)[0m  CREATE TABLE "schema_migrations" ("version" varchar(255) NOT NULL) 
  [1m[36m (12.8ms)[0m  [1mCREATE UNIQUE INDEX "unique_schema_migrations" ON "schema_migrations" ("version")[0m
  [1m[35m (0.2ms)[0m  SELECT version FROM "schema_migrations"
  [1m[36m (10.4ms)[0m  [1mINSERT INTO "schema_migrations" (version) VALUES ('20160404111008')[0m
  [1m[35m (11.7ms)[0m  INSERT INTO "schema_migrations" (version) VALUES ('20111119180638')
Connecting to database specified by database.yml
  [1m[36m (7.9ms)[0m  [1mSELECT "schema_migrations"."version" FROM "schema_migrations" [0m
  [1m[35m (0.3ms)[0m  select sqlite_version(*)
  [1m[36m (15.9ms)[0m  [1mCREATE TABLE "movies" ("id" INTEGER PRIMARY KEY AUTOINCREMENT NOT NULL, "title" varchar(255), "rating" varchar(255), "description" text, "release_date" datetime, "created_at" datetime, "updated_at" datetime, "director" varchar(255)) [0m
  [1m[35m (12.5ms)[0m  CREATE TABLE "schema_migrations" ("version" varchar(255) NOT NULL) 
  [1m[36m (11.8ms)[0m  [1mCREATE UNIQUE INDEX "unique_schema_migrations" ON "schema_migrations" ("version")[0m
  [1m[35m (0.2ms)[0m  SELECT version FROM "schema_migrations"
  [1m[36m (15.4ms)[0m  [1mINSERT INTO "schema_migrations" (version) VALUES ('20160404111008')[0m
  [1m[35m (10.3ms)[0m  INSERT INTO "schema_migrations" (version) VALUES ('20111119180638')
Connecting to database specified by database.yml
  [1m[36m (10.4ms)[0m  [1mSELECT "schema_migrations"."version" FROM "schema_migrations" [0m
  [1m[35m (0.4ms)[0m  select sqlite_version(*)
  [1m[36m (13.9ms)[0m  [1mCREATE TABLE "movies" ("id" INTEGER PRIMARY KEY AUTOINCREMENT NOT NULL, "title" varchar(255), "rating" varchar(255), "description" text, "release_date" datetime, "created_at" datetime, "updated_at" datetime, "director" varchar(255)) [0m
  [1m[35m (9.4ms)[0m  CREATE TABLE "schema_migrations" ("version" varchar(255) NOT NULL) 
  [1m[36m (12.4ms)[0m  [1mCREATE UNIQUE INDEX "unique_schema_migrations" ON "schema_migrations" ("version")[0m
  [1m[35m (0.2ms)[0m  SELECT version FROM "schema_migrations"
  [1m[36m (7.2ms)[0m  [1mINSERT INTO "schema_migrations" (version) VALUES ('20160404111008')[0m
  [1m[35m (12.2ms)[0m  INSERT INTO "schema_migrations" (version) VALUES ('20111119180638')
Connecting to database specified by database.yml
  [1m[36m (13.2ms)[0m  [1mSELECT "schema_migrations"."version" FROM "schema_migrations" [0m
  [1m[35m (0.4ms)[0m  select sqlite_version(*)
  [1m[36m (17.8ms)[0m  [1mCREATE TABLE "movies" ("id" INTEGER PRIMARY KEY AUTOINCREMENT NOT NULL, "title" varchar(255), "rating" varchar(255), "description" text, "release_date" datetime, "created_at" datetime, "updated_at" datetime, "director" varchar(255)) [0m
  [1m[35m (11.2ms)[0m  CREATE TABLE "schema_migrations" ("version" varchar(255) NOT NULL) 
  [1m[36m (11.6ms)[0m  [1mCREATE UNIQUE INDEX "unique_schema_migrations" ON "schema_migrations" ("version")[0m
  [1m[35m (0.1ms)[0m  SELECT version FROM "schema_migrations"
  [1m[36m (11.4ms)[0m  [1mINSERT INTO "schema_migrations" (version) VALUES ('20160404111008')[0m
  [1m[35m (15.5ms)[0m  INSERT INTO "schema_migrations" (version) VALUES ('20111119180638')
Connecting to database specified by database.yml
  [1m[36m (8.0ms)[0m  [1mSELECT "schema_migrations"."version" FROM "schema_migrations" [0m
  [1m[35m (0.3ms)[0m  select sqlite_version(*)
  [1m[36m (14.4ms)[0m  [1mCREATE TABLE "movies" ("id" INTEGER PRIMARY KEY AUTOINCREMENT NOT NULL, "title" varchar(255), "rating" varchar(255), "description" text, "release_date" datetime, "created_at" datetime, "updated_at" datetime, "director" varchar(255)) [0m
  [1m[35m (11.6ms)[0m  CREATE TABLE "schema_migrations" ("version" varchar(255) NOT NULL) 
  [1m[36m (14.3ms)[0m  [1mCREATE UNIQUE INDEX "unique_schema_migrations" ON "schema_migrations" ("version")[0m
  [1m[35m (0.2ms)[0m  SELECT version FROM "schema_migrations"
  [1m[36m (11.0ms)[0m  [1mINSERT INTO "schema_migrations" (version) VALUES ('20160404111008')[0m
  [1m[35m (9.5ms)[0m  INSERT INTO "schema_migrations" (version) VALUES ('20111119180638')


Started GET "/" for 182.185.249.226 at 2016-04-06 19:39:26 +0000
Connecting to database specified by database.yml

ActionController::RoutingError (No route matches [GET] "/"):
  actionpack (3.2.18) lib/action_dispatch/middleware/debug_exceptions.rb:21:in `call'
  actionpack (3.2.18) lib/action_dispatch/middleware/show_exceptions.rb:56:in `call'
  railties (3.2.18) lib/rails/rack/logger.rb:32:in `call_app'
  railties (3.2.18) lib/rails/rack/logger.rb:16:in `block in call'
  activesupport (3.2.18) lib/active_support/tagged_logging.rb:22:in `tagged'
  railties (3.2.18) lib/rails/rack/logger.rb:16:in `call'
  actionpack (3.2.18) lib/action_dispatch/middleware/request_id.rb:22:in `call'
  rack (1.4.5) lib/rack/methodoverride.rb:21:in `call'
  rack (1.4.5) lib/rack/runtime.rb:17:in `call'
  activesupport (3.2.18) lib/active_support/cache/strategy/local_cache.rb:72:in `call'
  rack (1.4.5) lib/rack/lock.rb:15:in `call'
  actionpack (3.2.18) lib/action_dispatch/middleware/static.rb:63:in `call'
  railties (3.2.18) lib/rails/engine.rb:484:in `call'
  railties (3.2.18) lib/rails/application.rb:231:in `call'
  rack (1.4.5) lib/rack/content_length.rb:14:in `call'
  railties (3.2.18) lib/rails/rack/log_tailer.rb:17:in `call'
  rack (1.4.5) lib/rack/handler/webrick.rb:59:in `service'
  /usr/local/rvm/rubies/ruby-1.9.3-p551/lib/ruby/1.9.1/webrick/httpserver.rb:138:in `service'
  /usr/local/rvm/rubies/ruby-1.9.3-p551/lib/ruby/1.9.1/webrick/httpserver.rb:94:in `run'
  /usr/local/rvm/rubies/ruby-1.9.3-p551/lib/ruby/1.9.1/webrick/server.rb:191:in `block in start_thread'


  Rendered /usr/local/rvm/gems/ruby-1.9.3-p551/gems/actionpack-3.2.18/lib/action_dispatch/middleware/templates/rescues/routing_error.erb within rescues/layout (7.9ms)


Started GET "/movie" for 182.185.249.226 at 2016-04-06 19:39:38 +0000

ActionController::RoutingError (No route matches [GET] "/movie"):
  actionpack (3.2.18) lib/action_dispatch/middleware/debug_exceptions.rb:21:in `call'
  actionpack (3.2.18) lib/action_dispatch/middleware/show_exceptions.rb:56:in `call'
  railties (3.2.18) lib/rails/rack/logger.rb:32:in `call_app'
  railties (3.2.18) lib/rails/rack/logger.rb:16:in `block in call'
  activesupport (3.2.18) lib/active_support/tagged_logging.rb:22:in `tagged'
  railties (3.2.18) lib/rails/rack/logger.rb:16:in `call'
  actionpack (3.2.18) lib/action_dispatch/middleware/request_id.rb:22:in `call'
  rack (1.4.5) lib/rack/methodoverride.rb:21:in `call'
  rack (1.4.5) lib/rack/runtime.rb:17:in `call'
  activesupport (3.2.18) lib/active_support/cache/strategy/local_cache.rb:72:in `call'
  rack (1.4.5) lib/rack/lock.rb:15:in `call'
  actionpack (3.2.18) lib/action_dispatch/middleware/static.rb:63:in `call'
  railties (3.2.18) lib/rails/engine.rb:484:in `call'
  railties (3.2.18) lib/rails/application.rb:231:in `call'
  rack (1.4.5) lib/rack/content_length.rb:14:in `call'
  railties (3.2.18) lib/rails/rack/log_tailer.rb:17:in `call'
  rack (1.4.5) lib/rack/handler/webrick.rb:59:in `service'
  /usr/local/rvm/rubies/ruby-1.9.3-p551/lib/ruby/1.9.1/webrick/httpserver.rb:138:in `service'
  /usr/local/rvm/rubies/ruby-1.9.3-p551/lib/ruby/1.9.1/webrick/httpserver.rb:94:in `run'
  /usr/local/rvm/rubies/ruby-1.9.3-p551/lib/ruby/1.9.1/webrick/server.rb:191:in `block in start_thread'


  Rendered /usr/local/rvm/gems/ruby-1.9.3-p551/gems/actionpack-3.2.18/lib/action_dispatch/middleware/templates/rescues/routing_error.erb within rescues/layout (0.9ms)


Started GET "/movies" for 182.185.249.226 at 2016-04-06 19:39:46 +0000
Processing by MoviesController#index as HTML
  [1m[36mMovie Load (1.6ms)[0m  [1mSELECT "movies".* FROM "movies" WHERE "movies"."rating" IN ('G', 'PG', 'PG-13', 'NC-17', 'R')[0m
  Rendered movies/index.html.haml within layouts/application (22.5ms)
Compiled application.css  (0ms)  (pid 2180)
Compiled jquery.js  (2ms)  (pid 2180)
Compiled jquery_ujs.js  (0ms)  (pid 2180)
Compiled application.js  (90ms)  (pid 2180)
Completed 200 OK in 419.9ms (Views: 222.4ms | ActiveRecord: 53.6ms)


Started GET "/assets/application.css?body=1" for 182.185.249.226 at 2016-04-06 19:39:47 +0000
Served asset /application.css - 200 OK (2ms)


Started GET "/assets/jquery_ujs.js?body=1" for 182.185.249.226 at 2016-04-06 19:39:47 +0000
Served asset /jquery_ujs.js - 200 OK (3ms)


Started GET "/assets/jquery.js?body=1" for 182.185.249.226 at 2016-04-06 19:39:47 +0000
Served asset /jquery.js - 200 OK (4ms)


Started GET "/assets/application.js?body=1" for 182.185.249.226 at 2016-04-06 19:39:47 +0000
Served asset /application.js - 200 OK (6ms)
Connecting to database specified by database.yml
  [1m[36m (7.2ms)[0m  [1mSELECT "schema_migrations"."version" FROM "schema_migrations" [0m
  [1m[35m (0.3ms)[0m  select sqlite_version(*)
  [1m[36m (12.4ms)[0m  [1mCREATE TABLE "movies" ("id" INTEGER PRIMARY KEY AUTOINCREMENT NOT NULL, "title" varchar(255), "rating" varchar(255), "description" text, "release_date" datetime, "created_at" datetime, "updated_at" datetime, "director" varchar(255)) [0m
  [1m[35m (9.8ms)[0m  CREATE TABLE "schema_migrations" ("version" varchar(255) NOT NULL) 
  [1m[36m (13.9ms)[0m  [1mCREATE UNIQUE INDEX "unique_schema_migrations" ON "schema_migrations" ("version")[0m
  [1m[35m (0.1ms)[0m  SELECT version FROM "schema_migrations"
  [1m[36m (9.9ms)[0m  [1mINSERT INTO "schema_migrations" (version) VALUES ('20160404111008')[0m
  [1m[35m (8.9ms)[0m  INSERT INTO "schema_migrations" (version) VALUES ('20111119180638')


Started GET "/movies" for 182.185.249.226 at 2016-04-06 19:42:52 +0000
Processing by MoviesController#index as HTML
  [1m[35mMovie Load (0.7ms)[0m  SELECT "movies".* FROM "movies" WHERE "movies"."rating" IN ('G', 'PG', 'PG-13', 'NC-17', 'R')
  Rendered movies/index.html.haml within layouts/application (19.0ms)
Completed 200 OK in 39.8ms (Views: 34.1ms | ActiveRecord: 0.7ms)


Started GET "/assets/application.css?body=1" for 182.185.249.226 at 2016-04-06 19:42:53 +0000
Served asset /application.css - 304 Not Modified (0ms)


Started GET "/assets/jquery.js?body=1" for 182.185.249.226 at 2016-04-06 19:42:53 +0000
Served asset /jquery.js - 304 Not Modified (1ms)


Started GET "/assets/jquery_ujs.js?body=1" for 182.185.249.226 at 2016-04-06 19:42:53 +0000
Served asset /jquery_ujs.js - 304 Not Modified (5ms)


Started GET "/assets/application.js?body=1" for 182.185.249.226 at 2016-04-06 19:42:53 +0000
Served asset /application.js - 304 Not Modified (5ms)


Started GET "/movies/1" for 182.185.249.226 at 2016-04-06 19:43:04 +0000
Processing by MoviesController#show as HTML
  Parameters: {"id"=>"1"}
  [1m[36mMovie Load (1.4ms)[0m  [1mSELECT "movies".* FROM "movies" WHERE "movies"."id" = ? LIMIT 1[0m  [["id", "1"]]
  Rendered movies/show.html.haml within layouts/application (69.4ms)
Completed 500 Internal Server Error in 78.3ms

ActionView::Template::Error (undefined method `movie_similar_path' for #<#<Class:0x007fa15c1a8808>:0x007fa15818d598>):
    16: 
    17: = link_to 'Edit', edit_movie_path(@movie)
    18: = button_to 'Delete', movie_path(@movie), :method => :delete, :confirm => 'Are you sure?'
    19: = link_to 'Find Movies With Same Director', movie_similar_path(@id)
    20: = link_to 'Back to movie list', movies_path
  app/views/movies/show.html.haml:19:in `_app_views_movies_show_html_haml___3160660018327296163_70165472239880'


  Rendered /usr/local/rvm/gems/ruby-1.9.3-p551/gems/actionpack-3.2.18/lib/action_dispatch/middleware/templates/rescues/_trace.erb (2.0ms)
  Rendered /usr/local/rvm/gems/ruby-1.9.3-p551/gems/actionpack-3.2.18/lib/action_dispatch/middleware/templates/rescues/_request_and_response.erb (1.6ms)
  Rendered /usr/local/rvm/gems/ruby-1.9.3-p551/gems/actionpack-3.2.18/lib/action_dispatch/middleware/templates/rescues/template_error.erb within rescues/layout (34.5ms)


Started GET "/movies/1" for 182.185.249.226 at 2016-04-06 19:45:58 +0000
Processing by MoviesController#show as HTML
  Parameters: {"id"=>"1"}
  [1m[35mMovie Load (0.2ms)[0m  SELECT "movies".* FROM "movies" WHERE "movies"."id" = ? LIMIT 1  [["id", "1"]]
  Rendered movies/show.html.haml within layouts/application (11.2ms)
Completed 500 Internal Server Error in 29.9ms

ActionView::Template::Error (undefined method `movie_similar_path' for #<#<Class:0x007fa15ce7a108>:0x007fa15ce861d8>):
    16: 
    17: = link_to 'Edit', edit_movie_path(@movie)
    18: = button_to 'Delete', movie_path(@movie), :method => :delete, :confirm => 'Are you sure?'
    19: = link_to 'Find Movies With Same Director', movie_similar_path(@id)
    20: = link_to 'Back to movie list', movies_path
  app/views/movies/show.html.haml:19:in `_app_views_movies_show_html_haml___3160660018327296163_70165472239880'


  Rendered /usr/local/rvm/gems/ruby-1.9.3-p551/gems/actionpack-3.2.18/lib/action_dispatch/middleware/templates/rescues/_trace.erb (1.4ms)
  Rendered /usr/local/rvm/gems/ruby-1.9.3-p551/gems/actionpack-3.2.18/lib/action_dispatch/middleware/templates/rescues/_request_and_response.erb (1.2ms)
  Rendered /usr/local/rvm/gems/ruby-1.9.3-p551/gems/actionpack-3.2.18/lib/action_dispatch/middleware/templates/rescues/template_error.erb within rescues/layout (43.5ms)


Started GET "/movies/1" for 182.185.249.226 at 2016-04-06 19:46:56 +0000
Processing by MoviesController#show as HTML
  Parameters: {"id"=>"1"}
  [1m[36mMovie Load (0.2ms)[0m  [1mSELECT "movies".* FROM "movies" WHERE "movies"."id" = ? LIMIT 1[0m  [["id", "1"]]
  Rendered movies/show.html.haml within layouts/application (57.9ms)
Completed 500 Internal Server Error in 64.1ms

ActionView::Template::Error (undefined method `movie_similar_path' for #<#<Class:0x007fa15ce7a108>:0x007fa15881de08>):
    16: 
    17: = link_to 'Edit', edit_movie_path(@movie)
    18: = button_to 'Delete', movie_path(@movie), :method => :delete, :confirm => 'Are you sure?'
    19: = link_to 'Find Movies With Same Director', movie_similar_path(@id)
    20: = link_to 'Back to movie list', movies_path
  app/views/movies/show.html.haml:19:in `_app_views_movies_show_html_haml___3160660018327296163_70165472239880'


  Rendered /usr/local/rvm/gems/ruby-1.9.3-p551/gems/actionpack-3.2.18/lib/action_dispatch/middleware/templates/rescues/_trace.erb (8.5ms)
  Rendered /usr/local/rvm/gems/ruby-1.9.3-p551/gems/actionpack-3.2.18/lib/action_dispatch/middleware/templates/rescues/_request_and_response.erb (1.4ms)
  Rendered /usr/local/rvm/gems/ruby-1.9.3-p551/gems/actionpack-3.2.18/lib/action_dispatch/middleware/templates/rescues/template_error.erb within rescues/layout (47.8ms)
Connecting to database specified by database.yml


Started GET "/movies/1" for 182.185.249.226 at 2016-04-06 19:51:36 +0000
Processing by MoviesController#show as HTML
  Parameters: {"id"=>"1"}
  [1m[35mMovie Load (0.4ms)[0m  SELECT "movies".* FROM "movies" WHERE "movies"."id" = ? LIMIT 1  [["id", "1"]]
  Rendered movies/show.html.haml within layouts/application (17.5ms)
Completed 500 Internal Server Error in 51.6ms

ActionView::Template::Error (undefined method `movie_similar_path' for #<#<Class:0x007fa15c1d0ce0>:0x007fa15811eee0>):
    16: 
    17: = link_to 'Edit', edit_movie_path(@movie)
    18: = button_to 'Delete', movie_path(@movie), :method => :delete, :confirm => 'Are you sure?'
    19: = link_to 'Find Movies With Same Director', movie_similar_path(@id)
    20: = link_to 'Back to movie list', movies_path
  app/views/movies/show.html.haml:19:in `_app_views_movies_show_html_haml___3160660018327296163_70165472239880'


  Rendered /usr/local/rvm/gems/ruby-1.9.3-p551/gems/actionpack-3.2.18/lib/action_dispatch/middleware/templates/rescues/_trace.erb (2.4ms)
  Rendered /usr/local/rvm/gems/ruby-1.9.3-p551/gems/actionpack-3.2.18/lib/action_dispatch/middleware/templates/rescues/_request_and_response.erb (1.7ms)
  Rendered /usr/local/rvm/gems/ruby-1.9.3-p551/gems/actionpack-3.2.18/lib/action_dispatch/middleware/templates/rescues/template_error.erb within rescues/layout (60.3ms)


Started GET "/movies/1" for 182.185.249.226 at 2016-04-06 19:51:41 +0000
Processing by MoviesController#show as HTML
  Parameters: {"id"=>"1"}
  [1m[36mMovie Load (0.2ms)[0m  [1mSELECT "movies".* FROM "movies" WHERE "movies"."id" = ? LIMIT 1[0m  [["id", "1"]]
  Rendered movies/show.html.haml within layouts/application (11.0ms)
Completed 500 Internal Server Error in 17.5ms

ActionView::Template::Error (undefined method `movie_similar_path' for #<#<Class:0x007fa15c1d0ce0>:0x007fa1582cd4d0>):
    16: 
    17: = link_to 'Edit', edit_movie_path(@movie)
    18: = button_to 'Delete', movie_path(@movie), :method => :delete, :confirm => 'Are you sure?'
    19: = link_to 'Find Movies With Same Director', movie_similar_path(@id)
    20: = link_to 'Back to movie list', movies_path
  app/views/movies/show.html.haml:19:in `_app_views_movies_show_html_haml___3160660018327296163_70165472239880'


  Rendered /usr/local/rvm/gems/ruby-1.9.3-p551/gems/actionpack-3.2.18/lib/action_dispatch/middleware/templates/rescues/_trace.erb (1.5ms)
  Rendered /usr/local/rvm/gems/ruby-1.9.3-p551/gems/actionpack-3.2.18/lib/action_dispatch/middleware/templates/rescues/_request_and_response.erb (1.3ms)
  Rendered /usr/local/rvm/gems/ruby-1.9.3-p551/gems/actionpack-3.2.18/lib/action_dispatch/middleware/templates/rescues/template_error.erb within rescues/layout (42.9ms)


Started GET "/movies/1" for 182.185.249.226 at 2016-04-06 19:52:18 +0000
Processing by MoviesController#show as HTML
  Parameters: {"id"=>"1"}
  [1m[35mMovie Load (0.4ms)[0m  SELECT "movies".* FROM "movies" WHERE "movies"."id" = ? LIMIT 1  [["id", "1"]]
  Rendered movies/show.html.haml within layouts/application (6.0ms)
Completed 500 Internal Server Error in 33.3ms

ActionController::RoutingError (No route matches {:action=>"similar", :controller=>"movies", :movie_id=>nil}):
  app/views/movies/show.html.haml:19:in `_app_views_movies_show_html_haml___3160660018327296163_70165472239880'


  Rendered /usr/local/rvm/gems/ruby-1.9.3-p551/gems/actionpack-3.2.18/lib/action_dispatch/middleware/templates/rescues/routing_error.erb within rescues/layout (1.2ms)


Started GET "/movies/1" for 182.185.249.226 at 2016-04-06 19:52:37 +0000
Processing by MoviesController#show as HTML
  Parameters: {"id"=>"1"}
  [1m[36mMovie Load (0.3ms)[0m  [1mSELECT "movies".* FROM "movies" WHERE "movies"."id" = ? LIMIT 1[0m  [["id", "1"]]
  Rendered movies/show.html.haml within layouts/application (3.4ms)
Completed 500 Internal Server Error in 26.5ms

ActionController::RoutingError (No route matches {:action=>"similar", :controller=>"movies", :movie_id=>nil}):
  app/views/movies/show.html.haml:19:in `_app_views_movies_show_html_haml___3160660018327296163_70165472239880'


  Rendered /usr/local/rvm/gems/ruby-1.9.3-p551/gems/actionpack-3.2.18/lib/action_dispatch/middleware/templates/rescues/routing_error.erb within rescues/layout (0.8ms)


Started GET "/movies/1" for 182.185.249.226 at 2016-04-06 19:53:16 +0000
Processing by MoviesController#show as HTML
  Parameters: {"id"=>"1"}
  [1m[35mMovie Load (0.6ms)[0m  SELECT "movies".* FROM "movies" WHERE "movies"."id" = ? LIMIT 1  [["id", "1"]]
  Rendered movies/show.html.haml within layouts/application (79.7ms)
Completed 500 Internal Server Error in 115.0ms

ActionView::Template::Error (undefined method `movie_similar_path' for #<#<Class:0x007fa1584f0f00>:0x007fa1585022c8>):
    16: 
    17: = link_to 'Edit', edit_movie_path(@movie)
    18: = button_to 'Delete', movie_path(@movie), :method => :delete, :confirm => 'Are you sure?'
    19: = link_to 'Find Movies With Same Director', movie_similar_path(@id)
    20: = link_to 'Back to movie list', movies_path
  app/views/movies/show.html.haml:19:in `_app_views_movies_show_html_haml___3160660018327296163_70165472239880'


  Rendered /usr/local/rvm/gems/ruby-1.9.3-p551/gems/actionpack-3.2.18/lib/action_dispatch/middleware/templates/rescues/_trace.erb (2.3ms)
  Rendered /usr/local/rvm/gems/ruby-1.9.3-p551/gems/actionpack-3.2.18/lib/action_dispatch/middleware/templates/rescues/_request_and_response.erb (2.0ms)
  Rendered /usr/local/rvm/gems/ruby-1.9.3-p551/gems/actionpack-3.2.18/lib/action_dispatch/middleware/templates/rescues/template_error.erb within rescues/layout (68.4ms)
Connecting to database specified by database.yml
  [1m[36m (8.2ms)[0m  [1mSELECT "schema_migrations"."version" FROM "schema_migrations" [0m
  [1m[35m (0.3ms)[0m  select sqlite_version(*)
  [1m[36m (16.4ms)[0m  [1mCREATE TABLE "movies" ("id" INTEGER PRIMARY KEY AUTOINCREMENT NOT NULL, "title" varchar(255), "rating" varchar(255), "description" text, "release_date" datetime, "created_at" datetime, "updated_at" datetime, "director" varchar(255)) [0m
  [1m[35m (21.3ms)[0m  CREATE TABLE "schema_migrations" ("version" varchar(255) NOT NULL) 
  [1m[36m (12.4ms)[0m  [1mCREATE UNIQUE INDEX "unique_schema_migrations" ON "schema_migrations" ("version")[0m
  [1m[35m (0.2ms)[0m  SELECT version FROM "schema_migrations"
  [1m[36m (11.2ms)[0m  [1mINSERT INTO "schema_migrations" (version) VALUES ('20160404111008')[0m
  [1m[35m (10.0ms)[0m  INSERT INTO "schema_migrations" (version) VALUES ('20111119180638')
Connecting to database specified by database.yml


Started GET "/movies/1" for 182.185.249.226 at 2016-04-06 20:02:18 +0000
Processing by MoviesController#show as HTML
  Parameters: {"id"=>"1"}
  [1m[36mMovie Load (0.2ms)[0m  [1mSELECT "movies".* FROM "movies" WHERE "movies"."id" = ? LIMIT 1[0m  [["id", "1"]]
  Rendered movies/show.html.haml within layouts/application (9.5ms)
Completed 500 Internal Server Error in 29.1ms

ActionController::RoutingError (No route matches {:controller=>"movies", :action=>"similar", :id=>nil}):
  app/views/movies/show.html.haml:19:in `_app_views_movies_show_html_haml___3160660018327296163_70165505935340'


  Rendered /usr/local/rvm/gems/ruby-1.9.3-p551/gems/actionpack-3.2.18/lib/action_dispatch/middleware/templates/rescues/routing_error.erb within rescues/layout (1.0ms)


Started GET "/movies/1" for 182.185.249.226 at 2016-04-06 20:03:20 +0000
Processing by MoviesController#show as HTML
  Parameters: {"id"=>"1"}
Completed 500 Internal Server Error in 1.7ms

NameError (undefined local variable or method `id' for #<MoviesController:0x007fa158221c70>):
  app/controllers/movies_controller.rb:5:in `show'


  Rendered /usr/local/rvm/gems/ruby-1.9.3-p551/gems/actionpack-3.2.18/lib/action_dispatch/middleware/templates/rescues/_trace.erb (1.3ms)
  Rendered /usr/local/rvm/gems/ruby-1.9.3-p551/gems/actionpack-3.2.18/lib/action_dispatch/middleware/templates/rescues/_request_and_response.erb (1.3ms)
  Rendered /usr/local/rvm/gems/ruby-1.9.3-p551/gems/actionpack-3.2.18/lib/action_dispatch/middleware/templates/rescues/diagnostics.erb within rescues/layout (45.0ms)


Started GET "/movies/1" for 182.185.249.226 at 2016-04-06 20:05:03 +0000
Processing by MoviesController#show as HTML
  Parameters: {"id"=>"1"}
  [1m[35mMovie Load (0.2ms)[0m  SELECT "movies".* FROM "movies" WHERE "movies"."id" = ? LIMIT 1  [["id", "1"]]
  Rendered movies/show.html.haml within layouts/application (4.0ms)
Completed 200 OK in 23.7ms (Views: 11.5ms | ActiveRecord: 1.1ms)


Started GET "/assets/application.css?body=1" for 182.185.249.226 at 2016-04-06 20:05:04 +0000
Served asset /application.css - 304 Not Modified (0ms)


Started GET "/assets/jquery.js?body=1" for 182.185.249.226 at 2016-04-06 20:05:04 +0000
Served asset /jquery.js - 304 Not Modified (1ms)


Started GET "/assets/jquery_ujs.js?body=1" for 182.185.249.226 at 2016-04-06 20:05:04 +0000
Served asset /jquery_ujs.js - 304 Not Modified (0ms)


Started GET "/assets/application.js?body=1" for 182.185.249.226 at 2016-04-06 20:05:04 +0000
Served asset /application.js - 304 Not Modified (2ms)
Connecting to database specified by database.yml
  [1m[36m (8.8ms)[0m  [1mSELECT "schema_migrations"."version" FROM "schema_migrations" [0m
  [1m[35m (0.3ms)[0m  select sqlite_version(*)
  [1m[36m (18.0ms)[0m  [1mCREATE TABLE "movies" ("id" INTEGER PRIMARY KEY AUTOINCREMENT NOT NULL, "title" varchar(255), "rating" varchar(255), "description" text, "release_date" datetime, "created_at" datetime, "updated_at" datetime, "director" varchar(255)) [0m
  [1m[35m (10.5ms)[0m  CREATE TABLE "schema_migrations" ("version" varchar(255) NOT NULL) 
  [1m[36m (11.5ms)[0m  [1mCREATE UNIQUE INDEX "unique_schema_migrations" ON "schema_migrations" ("version")[0m
  [1m[35m (0.2ms)[0m  SELECT version FROM "schema_migrations"
  [1m[36m (9.6ms)[0m  [1mINSERT INTO "schema_migrations" (version) VALUES ('20160404111008')[0m
  [1m[35m (9.6ms)[0m  INSERT INTO "schema_migrations" (version) VALUES ('20111119180638')


Started GET "/movies/similar/1" for 182.185.249.226 at 2016-04-06 20:06:44 +0000
Processing by MoviesController#similar as HTML
  Parameters: {"id"=>"1"}
Completed 404 Not Found in 0.9ms

ActiveRecord::RecordNotFound (Couldn't find Movie without an ID):
  app/controllers/movies_controller.rb:69:in `similar'


  Rendered /usr/local/rvm/gems/ruby-1.9.3-p551/gems/actionpack-3.2.18/lib/action_dispatch/middleware/templates/rescues/_trace.erb (1.3ms)
  Rendered /usr/local/rvm/gems/ruby-1.9.3-p551/gems/actionpack-3.2.18/lib/action_dispatch/middleware/templates/rescues/_request_and_response.erb (4.3ms)
  Rendered /usr/local/rvm/gems/ruby-1.9.3-p551/gems/actionpack-3.2.18/lib/action_dispatch/middleware/templates/rescues/diagnostics.erb within rescues/layout (31.8ms)


Started GET "/movies" for 182.185.249.226 at 2016-04-06 20:08:31 +0000
Processing by MoviesController#index as HTML
  [1m[36mMovie Load (0.3ms)[0m  [1mSELECT "movies".* FROM "movies" WHERE "movies"."rating" IN ('G', 'PG', 'PG-13', 'NC-17', 'R')[0m
  Rendered movies/index.html.haml within layouts/application (10.7ms)
Completed 200 OK in 32.5ms (Views: 18.2ms | ActiveRecord: 1.1ms)


Started GET "/assets/application.css?body=1" for 182.185.249.226 at 2016-04-06 20:08:32 +0000
Served asset /application.css - 304 Not Modified (0ms)


Started GET "/assets/jquery.js?body=1" for 182.185.249.226 at 2016-04-06 20:08:32 +0000
Served asset /jquery.js - 304 Not Modified (1ms)


Started GET "/assets/jquery_ujs.js?body=1" for 182.185.249.226 at 2016-04-06 20:08:32 +0000
Served asset /jquery_ujs.js - 304 Not Modified (0ms)


Started GET "/assets/application.js?body=1" for 182.185.249.226 at 2016-04-06 20:08:33 +0000
Served asset /application.js - 304 Not Modified (2ms)


Started GET "/movies/1" for 182.185.249.226 at 2016-04-06 20:11:01 +0000
Processing by MoviesController#show as HTML
  Parameters: {"id"=>"1"}
  [1m[35mMovie Load (0.5ms)[0m  SELECT "movies".* FROM "movies" WHERE "movies"."id" = ? LIMIT 1  [["id", "1"]]
  Rendered movies/show.html.haml within layouts/application (2.3ms)
Completed 200 OK in 12.7ms (Views: 9.4ms | ActiveRecord: 0.5ms)


Started GET "/assets/application.css?body=1" for 182.185.249.226 at 2016-04-06 20:11:02 +0000
Served asset /application.css - 304 Not Modified (0ms)


Started GET "/assets/jquery.js?body=1" for 182.185.249.226 at 2016-04-06 20:11:03 +0000
Served asset /jquery.js - 304 Not Modified (1ms)


Started GET "/assets/jquery_ujs.js?body=1" for 182.185.249.226 at 2016-04-06 20:11:03 +0000
Served asset /jquery_ujs.js - 304 Not Modified (0ms)


Started GET "/assets/application.js?body=1" for 182.185.249.226 at 2016-04-06 20:11:03 +0000
Served asset /application.js - 304 Not Modified (1ms)


Started GET "/movies/1/similar" for 182.185.249.226 at 2016-04-06 20:11:11 +0000
Processing by MoviesController#similar as HTML
  Parameters: {"movie_id"=>"1"}
  [1m[36mMovie Load (0.3ms)[0m  [1mSELECT "movies".* FROM "movies" WHERE "movies"."id" = ? LIMIT 1[0m  [["id", "1"]]
Redirected to https://hw4-faiziali98.c9users.io/movies
Completed 302 Found in 2.8ms (ActiveRecord: 0.3ms)


Started GET "/movies" for 182.185.249.226 at 2016-04-06 20:11:12 +0000
Processing by MoviesController#index as HTML
  [1m[35mMovie Load (0.4ms)[0m  SELECT "movies".* FROM "movies" WHERE "movies"."rating" IN ('G', 'PG', 'PG-13', 'NC-17', 'R')
  Rendered movies/index.html.haml within layouts/application (8.1ms)
Completed 200 OK in 16.8ms (Views: 14.6ms | ActiveRecord: 0.4ms)


Started GET "/assets/application.css?body=1" for 182.185.249.226 at 2016-04-06 20:11:13 +0000
Served asset /application.css - 304 Not Modified (0ms)


Started GET "/assets/jquery.js?body=1" for 182.185.249.226 at 2016-04-06 20:11:13 +0000
Served asset /jquery.js - 304 Not Modified (1ms)


Started GET "/assets/jquery_ujs.js?body=1" for 182.185.249.226 at 2016-04-06 20:11:13 +0000
Served asset /jquery_ujs.js - 304 Not Modified (0ms)


Started GET "/assets/application.js?body=1" for 182.185.249.226 at 2016-04-06 20:11:13 +0000
Served asset /application.js - 304 Not Modified (1ms)


Started GET "/movies/1" for 182.185.249.226 at 2016-04-06 20:15:14 +0000
Processing by MoviesController#show as HTML
  Parameters: {"id"=>"1"}
Completed 500 Internal Server Error in 2.2ms

NameError (undefined local variable or method `id' for #<MoviesController:0x007fa15812d058>):
  app/controllers/movies_controller.rb:5:in `show'


  Rendered /usr/local/rvm/gems/ruby-1.9.3-p551/gems/actionpack-3.2.18/lib/action_dispatch/middleware/templates/rescues/_trace.erb (1.2ms)
  Rendered /usr/local/rvm/gems/ruby-1.9.3-p551/gems/actionpack-3.2.18/lib/action_dispatch/middleware/templates/rescues/_request_and_response.erb (1.7ms)
  Rendered /usr/local/rvm/gems/ruby-1.9.3-p551/gems/actionpack-3.2.18/lib/action_dispatch/middleware/templates/rescues/diagnostics.erb within rescues/layout (33.4ms)


Started GET "/movies/1" for 182.185.249.226 at 2016-04-06 20:15:34 +0000
Processing by MoviesController#show as HTML
  Parameters: {"id"=>"1"}
  [1m[36mMovie Load (0.3ms)[0m  [1mSELECT "movies".* FROM "movies" WHERE "movies"."id" = ? LIMIT 1[0m  [["id", "1"]]
  Rendered movies/show.html.haml within layouts/application (4.8ms)
Completed 200 OK in 26.6ms (Views: 12.0ms | ActiveRecord: 1.4ms)


Started GET "/assets/application.css?body=1" for 182.185.249.226 at 2016-04-06 20:15:35 +0000
Served asset /application.css - 304 Not Modified (0ms)


Started GET "/assets/jquery.js?body=1" for 182.185.249.226 at 2016-04-06 20:15:35 +0000
Served asset /jquery.js - 304 Not Modified (1ms)


Started GET "/assets/jquery_ujs.js?body=1" for 182.185.249.226 at 2016-04-06 20:15:35 +0000
Served asset /jquery_ujs.js - 304 Not Modified (0ms)


Started GET "/assets/application.js?body=1" for 182.185.249.226 at 2016-04-06 20:15:35 +0000
Served asset /application.js - 304 Not Modified (1ms)


Started GET "/movies/1/similar" for 182.185.249.226 at 2016-04-06 20:15:37 +0000
Processing by MoviesController#similar as HTML
  Parameters: {"movie_id"=>"1"}
  [1m[35mMovie Load (0.2ms)[0m  SELECT "movies".* FROM "movies" WHERE "movies"."id" = ? LIMIT 1  [["id", "1"]]
Redirected to https://hw4-faiziali98.c9users.io/movies
Completed 302 Found in 2.1ms (ActiveRecord: 0.2ms)


Started GET "/movies" for 182.185.249.226 at 2016-04-06 20:15:38 +0000
Processing by MoviesController#index as HTML
  [1m[36mMovie Load (0.6ms)[0m  [1mSELECT "movies".* FROM "movies" WHERE "movies"."rating" IN ('G', 'PG', 'PG-13', 'NC-17', 'R')[0m
  Rendered movies/index.html.haml within layouts/application (9.4ms)
Completed 200 OK in 19.4ms (Views: 16.1ms | ActiveRecord: 0.6ms)


Started GET "/assets/application.css?body=1" for 182.185.249.226 at 2016-04-06 20:15:38 +0000
Served asset /application.css - 304 Not Modified (0ms)


Started GET "/assets/jquery.js?body=1" for 182.185.249.226 at 2016-04-06 20:15:38 +0000
Served asset /jquery.js - 304 Not Modified (1ms)


Started GET "/assets/jquery_ujs.js?body=1" for 182.185.249.226 at 2016-04-06 20:15:38 +0000
Served asset /jquery_ujs.js - 304 Not Modified (0ms)


Started GET "/assets/application.js?body=1" for 182.185.249.226 at 2016-04-06 20:15:38 +0000
Served asset /application.js - 304 Not Modified (1ms)


Started GET "/movies/1" for 182.185.249.226 at 2016-04-06 20:17:17 +0000
Processing by MoviesController#show as HTML
  Parameters: {"id"=>"1"}
  [1m[35mMovie Load (0.2ms)[0m  SELECT "movies".* FROM "movies" WHERE "movies"."id" = ? LIMIT 1  [["id", "1"]]
  Rendered movies/show.html.haml within layouts/application (1.9ms)
Completed 200 OK in 26.0ms (Views: 10.0ms | ActiveRecord: 1.1ms)


Started GET "/assets/application.css?body=1" for 182.185.249.226 at 2016-04-06 20:17:17 +0000
Served asset /application.css - 304 Not Modified (0ms)


Started GET "/assets/jquery.js?body=1" for 182.185.249.226 at 2016-04-06 20:17:18 +0000
Served asset /jquery.js - 304 Not Modified (1ms)


Started GET "/assets/jquery_ujs.js?body=1" for 182.185.249.226 at 2016-04-06 20:17:18 +0000
Served asset /jquery_ujs.js - 304 Not Modified (0ms)


Started GET "/assets/application.js?body=1" for 182.185.249.226 at 2016-04-06 20:17:18 +0000
Served asset /application.js - 304 Not Modified (2ms)


Started GET "/movies/1/similar" for 182.185.249.226 at 2016-04-06 20:17:22 +0000
Processing by MoviesController#similar_dir as HTML
  Parameters: {"movie_id"=>"1"}
  [1m[36mMovie Load (0.2ms)[0m  [1mSELECT "movies".* FROM "movies" WHERE "movies"."id" = ? LIMIT 1[0m  [["id", "1"]]
Redirected to https://hw4-faiziali98.c9users.io/movies
Completed 302 Found in 2.5ms (ActiveRecord: 0.2ms)


Started GET "/movies" for 182.185.249.226 at 2016-04-06 20:17:22 +0000
Processing by MoviesController#index as HTML
  [1m[35mMovie Load (0.9ms)[0m  SELECT "movies".* FROM "movies" WHERE "movies"."rating" IN ('G', 'PG', 'PG-13', 'NC-17', 'R')
  Rendered movies/index.html.haml within layouts/application (17.7ms)
Completed 200 OK in 29.2ms (Views: 25.3ms | ActiveRecord: 0.9ms)


Started GET "/assets/application.css?body=1" for 182.185.249.226 at 2016-04-06 20:17:23 +0000
Served asset /application.css - 304 Not Modified (0ms)


Started GET "/assets/jquery.js?body=1" for 182.185.249.226 at 2016-04-06 20:17:24 +0000
Served asset /jquery.js - 304 Not Modified (1ms)


Started GET "/assets/jquery_ujs.js?body=1" for 182.185.249.226 at 2016-04-06 20:17:24 +0000
Served asset /jquery_ujs.js - 304 Not Modified (4ms)


Started GET "/assets/application.js?body=1" for 182.185.249.226 at 2016-04-06 20:17:26 +0000
Served asset /application.js - 304 Not Modified (2ms)
Connecting to database specified by database.yml
  [1m[36m (27.2ms)[0m  [1mSELECT "schema_migrations"."version" FROM "schema_migrations" [0m
  [1m[35m (0.6ms)[0m  select sqlite_version(*)
  [1m[36m (27.9ms)[0m  [1mCREATE TABLE "movies" ("id" INTEGER PRIMARY KEY AUTOINCREMENT NOT NULL, "title" varchar(255), "rating" varchar(255), "description" text, "release_date" datetime, "created_at" datetime, "updated_at" datetime, "director" varchar(255)) [0m
  [1m[35m (22.5ms)[0m  CREATE TABLE "schema_migrations" ("version" varchar(255) NOT NULL) 
  [1m[36m (26.3ms)[0m  [1mCREATE UNIQUE INDEX "unique_schema_migrations" ON "schema_migrations" ("version")[0m
  [1m[35m (0.2ms)[0m  SELECT version FROM "schema_migrations"
  [1m[36m (21.4ms)[0m  [1mINSERT INTO "schema_migrations" (version) VALUES ('20160404111008')[0m
  [1m[35m (17.8ms)[0m  INSERT INTO "schema_migrations" (version) VALUES ('20111119180638')


Started GET "/movies/new" for 182.185.249.226 at 2016-04-06 20:20:33 +0000
Processing by MoviesController#new as HTML
  Rendered movies/new.html.haml within layouts/application (21.9ms)
Completed 200 OK in 34.6ms (Views: 33.6ms | ActiveRecord: 0.0ms)


Started GET "/assets/application.css?body=1" for 182.185.249.226 at 2016-04-06 20:20:35 +0000
Served asset /application.css - 304 Not Modified (0ms)


Started GET "/assets/jquery.js?body=1" for 182.185.249.226 at 2016-04-06 20:20:35 +0000
Served asset /jquery.js - 304 Not Modified (1ms)


Started GET "/assets/jquery_ujs.js?body=1" for 182.185.249.226 at 2016-04-06 20:20:35 +0000
Served asset /jquery_ujs.js - 304 Not Modified (0ms)


Started GET "/assets/application.js?body=1" for 182.185.249.226 at 2016-04-06 20:20:36 +0000
Served asset /application.js - 304 Not Modified (2ms)


Started POST "/movies" for 182.185.249.226 at 2016-04-06 20:20:57 +0000
Processing by MoviesController#create as HTML
  Parameters: {"utf8"=>"✓", "authenticity_token"=>"iBaW/V4DU8g/f6UQcFBlr3u2Qxj661QZ8fhOfCxthaQ=", "movie"=>{"title"=>"Star Wars", "rating"=>"PG", "release_date(1i)"=>"2016", "release_date(2i)"=>"4", "release_date(3i)"=>"6"}, "commit"=>"Save Changes"}
  [1m[36m (0.1ms)[0m  [1mbegin transaction[0m
  [1m[35mSQL (8.2ms)[0m  INSERT INTO "movies" ("created_at", "description", "director", "rating", "release_date", "title", "updated_at") VALUES (?, ?, ?, ?, ?, ?, ?)  [["created_at", Wed, 06 Apr 2016 20:20:57 UTC +00:00], ["description", nil], ["director", nil], ["rating", "PG"], ["release_date", Wed, 06 Apr 2016 00:00:00 UTC +00:00], ["title", "Star Wars"], ["updated_at", Wed, 06 Apr 2016 20:20:57 UTC +00:00]]
  [1m[36m (16.4ms)[0m  [1mcommit transaction[0m
Redirected to https://hw4-faiziali98.c9users.io/movies
Completed 302 Found in 30.1ms (ActiveRecord: 24.7ms)


Started GET "/movies" for 182.185.249.226 at 2016-04-06 20:20:58 +0000
Processing by MoviesController#index as HTML
  [1m[35mMovie Load (0.4ms)[0m  SELECT "movies".* FROM "movies" WHERE "movies"."rating" IN ('G', 'PG', 'PG-13', 'NC-17', 'R')
  Rendered movies/index.html.haml within layouts/application (11.4ms)
Completed 200 OK in 21.4ms (Views: 18.5ms | ActiveRecord: 0.4ms)


Started GET "/assets/application.css?body=1" for 182.185.249.226 at 2016-04-06 20:20:59 +0000
Served asset /application.css - 304 Not Modified (0ms)


Started GET "/assets/jquery.js?body=1" for 182.185.249.226 at 2016-04-06 20:21:00 +0000
Served asset /jquery.js - 304 Not Modified (0ms)


Started GET "/assets/jquery_ujs.js?body=1" for 182.185.249.226 at 2016-04-06 20:21:00 +0000
Served asset /jquery_ujs.js - 304 Not Modified (0ms)


Started GET "/assets/application.js?body=1" for 182.185.249.226 at 2016-04-06 20:21:00 +0000
Served asset /application.js - 304 Not Modified (2ms)


Started GET "/movies/1" for 182.185.249.226 at 2016-04-06 20:21:14 +0000
Processing by MoviesController#show as HTML
  Parameters: {"id"=>"1"}
  [1m[36mMovie Load (0.2ms)[0m  [1mSELECT "movies".* FROM "movies" WHERE "movies"."id" = ? LIMIT 1[0m  [["id", "1"]]
  Rendered movies/show.html.haml within layouts/application (3.1ms)
Completed 200 OK in 12.7ms (Views: 11.0ms | ActiveRecord: 0.2ms)


Started GET "/assets/application.css?body=1" for 182.185.249.226 at 2016-04-06 20:21:14 +0000
Served asset /application.css - 304 Not Modified (0ms)


Started GET "/assets/jquery.js?body=1" for 182.185.249.226 at 2016-04-06 20:21:15 +0000
Served asset /jquery.js - 304 Not Modified (1ms)


Started GET "/assets/jquery_ujs.js?body=1" for 182.185.249.226 at 2016-04-06 20:21:16 +0000
Served asset /jquery_ujs.js - 304 Not Modified (0ms)


Started GET "/assets/application.js?body=1" for 182.185.249.226 at 2016-04-06 20:21:16 +0000
Served asset /application.js - 304 Not Modified (1ms)


Started GET "/movies/1/edit" for 182.185.249.226 at 2016-04-06 20:21:17 +0000
Processing by MoviesController#edit as HTML
  Parameters: {"id"=>"1"}
  [1m[35mMovie Load (0.2ms)[0m  SELECT "movies".* FROM "movies" WHERE "movies"."id" = ? LIMIT 1  [["id", "1"]]
  Rendered movies/edit.html.haml within layouts/application (14.7ms)
Completed 200 OK in 29.9ms (Views: 27.5ms | ActiveRecord: 0.2ms)


Started GET "/assets/application.css?body=1" for 182.185.249.226 at 2016-04-06 20:21:21 +0000
Served asset /application.css - 304 Not Modified (0ms)


Started GET "/assets/jquery_ujs.js?body=1" for 182.185.249.226 at 2016-04-06 20:21:21 +0000
Served asset /jquery_ujs.js - 304 Not Modified (0ms)


Started GET "/assets/application.js?body=1" for 182.185.249.226 at 2016-04-06 20:21:21 +0000
Served asset /application.js - 304 Not Modified (2ms)


Started GET "/assets/jquery.js?body=1" for 182.185.249.226 at 2016-04-06 20:21:23 +0000
Served asset /jquery.js - 304 Not Modified (1ms)


Started PUT "/movies/1" for 182.185.249.226 at 2016-04-06 20:21:35 +0000
Processing by MoviesController#update as HTML
  Parameters: {"utf8"=>"✓", "authenticity_token"=>"iBaW/V4DU8g/f6UQcFBlr3u2Qxj661QZ8fhOfCxthaQ=", "movie"=>{"title"=>"Aladdin", "rating"=>"G", "release_date(1i)"=>"1992", "release_date(2i)"=>"11", "release_date(3i)"=>"25", "director"=>"gggg"}, "commit"=>"Update Movie Info", "id"=>"1"}
  [1m[36mMovie Load (0.3ms)[0m  [1mSELECT "movies".* FROM "movies" WHERE "movies"."id" = ? LIMIT 1[0m  [["id", "1"]]
  [1m[35m (0.1ms)[0m  begin transaction
  [1m[36m (9.5ms)[0m  [1mUPDATE "movies" SET "director" = 'gggg', "updated_at" = '2016-04-06 20:21:35.485222' WHERE "movies"."id" = 1[0m
  [1m[35m (23.1ms)[0m  commit transaction
Redirected to https://hw4-faiziali98.c9users.io/movies/1
Completed 302 Found in 40.9ms (ActiveRecord: 33.1ms)


Started GET "/movies/1" for 182.185.249.226 at 2016-04-06 20:21:35 +0000
Processing by MoviesController#show as HTML
  Parameters: {"id"=>"1"}
  [1m[36mMovie Load (0.4ms)[0m  [1mSELECT "movies".* FROM "movies" WHERE "movies"."id" = ? LIMIT 1[0m  [["id", "1"]]
  Rendered movies/show.html.haml within layouts/application (2.0ms)
Completed 200 OK in 10.5ms (Views: 8.8ms | ActiveRecord: 0.4ms)


Started GET "/assets/application.css?body=1" for 182.185.249.226 at 2016-04-06 20:21:36 +0000
Served asset /application.css - 304 Not Modified (0ms)


Started GET "/assets/jquery.js?body=1" for 182.185.249.226 at 2016-04-06 20:21:37 +0000
Served asset /jquery.js - 304 Not Modified (0ms)


Started GET "/assets/jquery_ujs.js?body=1" for 182.185.249.226 at 2016-04-06 20:21:37 +0000
Served asset /jquery_ujs.js - 304 Not Modified (0ms)


Started GET "/assets/application.js?body=1" for 182.185.249.226 at 2016-04-06 20:21:38 +0000
Served asset /application.js - 304 Not Modified (2ms)


Started GET "/movies" for 182.185.249.226 at 2016-04-06 20:21:44 +0000
Processing by MoviesController#index as HTML
  [1m[35mMovie Load (0.6ms)[0m  SELECT "movies".* FROM "movies" WHERE "movies"."rating" IN ('G', 'PG', 'PG-13', 'NC-17', 'R')
  Rendered movies/index.html.haml within layouts/application (14.3ms)
Completed 200 OK in 25.1ms (Views: 21.4ms | ActiveRecord: 0.6ms)


Started GET "/assets/application.css?body=1" for 182.185.249.226 at 2016-04-06 20:22:08 +0000
Served asset /application.css - 304 Not Modified (0ms)


Started GET "/assets/jquery.js?body=1" for 182.185.249.226 at 2016-04-06 20:22:08 +0000
Served asset /jquery.js - 304 Not Modified (1ms)


Started GET "/assets/jquery_ujs.js?body=1" for 182.185.249.226 at 2016-04-06 20:22:09 +0000
Served asset /jquery_ujs.js - 304 Not Modified (1ms)


Started GET "/assets/application.js?body=1" for 182.185.249.226 at 2016-04-06 20:22:09 +0000
Served asset /application.js - 304 Not Modified (3ms)


Started GET "/movies/2" for 182.185.249.226 at 2016-04-06 20:22:26 +0000
Processing by MoviesController#show as HTML
  Parameters: {"id"=>"2"}
  [1m[36mMovie Load (0.2ms)[0m  [1mSELECT "movies".* FROM "movies" WHERE "movies"."id" = ? LIMIT 1[0m  [["id", "2"]]
  Rendered movies/show.html.haml within layouts/application (2.5ms)
Completed 200 OK in 14.0ms (Views: 10.8ms | ActiveRecord: 0.2ms)


Started GET "/assets/application.css?body=1" for 182.185.249.226 at 2016-04-06 20:22:32 +0000
Served asset /application.css - 304 Not Modified (0ms)


Started GET "/assets/jquery.js?body=1" for 182.185.249.226 at 2016-04-06 20:22:33 +0000
Served asset /jquery.js - 304 Not Modified (1ms)


Started GET "/assets/jquery_ujs.js?body=1" for 182.185.249.226 at 2016-04-06 20:22:33 +0000
Served asset /jquery_ujs.js - 304 Not Modified (0ms)


Started GET "/assets/application.js?body=1" for 182.185.249.226 at 2016-04-06 20:22:33 +0000
Served asset /application.js - 304 Not Modified (2ms)


Started GET "/movies/2/edit" for 182.185.249.226 at 2016-04-06 20:24:45 +0000
Processing by MoviesController#edit as HTML
  Parameters: {"id"=>"2"}
  [1m[35mMovie Load (0.3ms)[0m  SELECT "movies".* FROM "movies" WHERE "movies"."id" = ? LIMIT 1  [["id", "2"]]
  Rendered movies/edit.html.haml within layouts/application (9.5ms)
Completed 200 OK in 20.1ms (Views: 17.7ms | ActiveRecord: 0.3ms)


Started GET "/assets/application.css?body=1" for 182.185.249.226 at 2016-04-06 20:24:48 +0000
Served asset /application.css - 304 Not Modified (0ms)


Started GET "/assets/jquery.js?body=1" for 182.185.249.226 at 2016-04-06 20:24:49 +0000
Served asset /jquery.js - 304 Not Modified (1ms)


Started GET "/assets/jquery_ujs.js?body=1" for 182.185.249.226 at 2016-04-06 20:24:49 +0000
Served asset /jquery_ujs.js - 304 Not Modified (0ms)


Started GET "/assets/application.js?body=1" for 182.185.249.226 at 2016-04-06 20:24:49 +0000
Served asset /application.js - 304 Not Modified (2ms)


Started PUT "/movies/2" for 182.185.249.226 at 2016-04-06 20:24:55 +0000
Processing by MoviesController#update as HTML
  Parameters: {"utf8"=>"✓", "authenticity_token"=>"iBaW/V4DU8g/f6UQcFBlr3u2Qxj661QZ8fhOfCxthaQ=", "movie"=>{"title"=>"The Terminator", "rating"=>"R", "release_date(1i)"=>"1984", "release_date(2i)"=>"10", "release_date(3i)"=>"26", "director"=>"gggg"}, "commit"=>"Update Movie Info", "id"=>"2"}
  [1m[36mMovie Load (0.3ms)[0m  [1mSELECT "movies".* FROM "movies" WHERE "movies"."id" = ? LIMIT 1[0m  [["id", "2"]]
  [1m[35m (0.1ms)[0m  begin transaction
  [1m[36m (0.4ms)[0m  [1mUPDATE "movies" SET "director" = 'gggg', "updated_at" = '2016-04-06 20:24:55.940690' WHERE "movies"."id" = 2[0m
  [1m[35m (24.4ms)[0m  commit transaction
Redirected to https://hw4-faiziali98.c9users.io/movies/2
Completed 302 Found in 30.7ms (ActiveRecord: 25.2ms)


Started GET "/movies/2" for 182.185.249.226 at 2016-04-06 20:24:56 +0000
Processing by MoviesController#show as HTML
  Parameters: {"id"=>"2"}
  [1m[36mMovie Load (0.2ms)[0m  [1mSELECT "movies".* FROM "movies" WHERE "movies"."id" = ? LIMIT 1[0m  [["id", "2"]]
  Rendered movies/show.html.haml within layouts/application (2.8ms)
Completed 200 OK in 14.5ms (Views: 13.2ms | ActiveRecord: 0.2ms)


Started GET "/assets/application.css?body=1" for 182.185.249.226 at 2016-04-06 20:24:57 +0000
Served asset /application.css - 304 Not Modified (2ms)


Started GET "/assets/jquery.js?body=1" for 182.185.249.226 at 2016-04-06 20:24:57 +0000
Served asset /jquery.js - 304 Not Modified (1ms)


Started GET "/assets/jquery_ujs.js?body=1" for 182.185.249.226 at 2016-04-06 20:24:57 +0000
Served asset /jquery_ujs.js - 304 Not Modified (0ms)


Started GET "/assets/application.js?body=1" for 182.185.249.226 at 2016-04-06 20:24:57 +0000
Served asset /application.js - 304 Not Modified (2ms)


Started GET "/movies/2/similar" for 182.185.249.226 at 2016-04-06 20:25:01 +0000
Processing by MoviesController#similar_dir as HTML
  Parameters: {"movie_id"=>"2"}
  [1m[35mMovie Load (0.3ms)[0m  SELECT "movies".* FROM "movies" WHERE "movies"."id" = ? LIMIT 1  [["id", "2"]]
Completed 500 Internal Server Error in 3.1ms

NoMethodError (undefined method `similar_directors' for #<Class:0x007fa15cb41090>):
  app/controllers/movies_controller.rb:71:in `similar_dir'


  Rendered /usr/local/rvm/gems/ruby-1.9.3-p551/gems/actionpack-3.2.18/lib/action_dispatch/middleware/templates/rescues/_trace.erb (2.4ms)
  Rendered /usr/local/rvm/gems/ruby-1.9.3-p551/gems/actionpack-3.2.18/lib/action_dispatch/middleware/templates/rescues/_request_and_response.erb (2.0ms)
  Rendered /usr/local/rvm/gems/ruby-1.9.3-p551/gems/actionpack-3.2.18/lib/action_dispatch/middleware/templates/rescues/diagnostics.erb within rescues/layout (65.5ms)


Started GET "/movies" for 182.185.249.226 at 2016-04-06 20:31:54 +0000
Processing by MoviesController#index as HTML
  [1m[36mMovie Load (0.3ms)[0m  [1mSELECT "movies".* FROM "movies" WHERE "movies"."rating" IN ('G', 'PG', 'PG-13', 'NC-17', 'R')[0m
  Rendered movies/index.html.haml within layouts/application (126.1ms)
Completed 200 OK in 146.8ms (Views: 133.3ms | ActiveRecord: 1.4ms)


Started GET "/assets/application.css?body=1" for 182.185.249.226 at 2016-04-06 20:32:13 +0000
Served asset /application.css - 304 Not Modified (0ms)


Started GET "/assets/jquery.js?body=1" for 182.185.249.226 at 2016-04-06 20:32:13 +0000
Served asset /jquery.js - 304 Not Modified (1ms)


Started GET "/assets/jquery_ujs.js?body=1" for 182.185.249.226 at 2016-04-06 20:32:13 +0000
Served asset /jquery_ujs.js - 304 Not Modified (0ms)


Started GET "/assets/application.js?body=1" for 182.185.249.226 at 2016-04-06 20:32:14 +0000
Served asset /application.js - 304 Not Modified (2ms)


Started GET "/movies/1" for 182.185.249.226 at 2016-04-06 20:32:17 +0000
Processing by MoviesController#show as HTML
  Parameters: {"id"=>"1"}
  [1m[35mMovie Load (0.5ms)[0m  SELECT "movies".* FROM "movies" WHERE "movies"."id" = ? LIMIT 1  [["id", "1"]]
  Rendered movies/show.html.haml within layouts/application (2.2ms)
Completed 200 OK in 12.2ms (Views: 9.1ms | ActiveRecord: 0.5ms)


Started GET "/assets/application.css?body=1" for 182.185.249.226 at 2016-04-06 20:32:18 +0000
Served asset /application.css - 304 Not Modified (0ms)


Started GET "/assets/jquery.js?body=1" for 182.185.249.226 at 2016-04-06 20:32:18 +0000
Served asset /jquery.js - 304 Not Modified (1ms)


Started GET "/assets/jquery_ujs.js?body=1" for 182.185.249.226 at 2016-04-06 20:32:18 +0000
Served asset /jquery_ujs.js - 304 Not Modified (0ms)


Started GET "/assets/application.js?body=1" for 182.185.249.226 at 2016-04-06 20:32:18 +0000
Served asset /application.js - 304 Not Modified (2ms)


Started GET "/movies/1/similar" for 182.185.249.226 at 2016-04-06 20:32:20 +0000
Processing by MoviesController#similar_dir as HTML
  Parameters: {"movie_id"=>"1"}
  [1m[36mMovie Load (0.2ms)[0m  [1mSELECT "movies".* FROM "movies" WHERE "movies"."id" = ? LIMIT 1[0m  [["id", "1"]]
Completed 500 Internal Server Error in 2.2ms

NoMethodError (undefined method `Movie' for #<Class:0x007fa1589ff528>):
  app/controllers/movies_controller.rb:71:in `similar_dir'


  Rendered /usr/local/rvm/gems/ruby-1.9.3-p551/gems/actionpack-3.2.18/lib/action_dispatch/middleware/templates/rescues/_trace.erb (1.9ms)
  Rendered /usr/local/rvm/gems/ruby-1.9.3-p551/gems/actionpack-3.2.18/lib/action_dispatch/middleware/templates/rescues/_request_and_response.erb (1.7ms)
  Rendered /usr/local/rvm/gems/ruby-1.9.3-p551/gems/actionpack-3.2.18/lib/action_dispatch/middleware/templates/rescues/diagnostics.erb within rescues/layout (180.3ms)


Started GET "/movies/1/similar" for 182.185.249.226 at 2016-04-06 20:32:58 +0000
Processing by MoviesController#similar_dir as HTML
  Parameters: {"movie_id"=>"1"}
  [1m[35mMovie Load (0.4ms)[0m  SELECT "movies".* FROM "movies" WHERE "movies"."id" = ? LIMIT 1  [["id", "1"]]
  [1m[36mMovie Load (0.4ms)[0m  [1mSELECT "movies".* FROM "movies" WHERE (director IN ('gggg'))[0m
  Rendered movies/similar_dir.html.haml within layouts/application (8.3ms)
Completed 200 OK in 175.2ms (Views: 17.2ms | ActiveRecord: 142.1ms)


Started GET "/assets/application.css?body=1" for 182.185.249.226 at 2016-04-06 20:32:58 +0000
Served asset /application.css - 304 Not Modified (0ms)


Started GET "/assets/jquery.js?body=1" for 182.185.249.226 at 2016-04-06 20:32:59 +0000
Served asset /jquery.js - 304 Not Modified (1ms)


Started GET "/assets/jquery_ujs.js?body=1" for 182.185.249.226 at 2016-04-06 20:32:59 +0000
Served asset /jquery_ujs.js - 304 Not Modified (0ms)


Started GET "/assets/application.js?body=1" for 182.185.249.226 at 2016-04-06 20:32:59 +0000
Served asset /application.js - 304 Not Modified (2ms)
Connecting to database specified by database.yml
  [1m[36m (128.4ms)[0m  [1mSELECT "schema_migrations"."version" FROM "schema_migrations" [0m
  [1m[35m (0.5ms)[0m  select sqlite_version(*)
  [1m[36m (14.2ms)[0m  [1mCREATE TABLE "movies" ("id" INTEGER PRIMARY KEY AUTOINCREMENT NOT NULL, "title" varchar(255), "rating" varchar(255), "description" text, "release_date" datetime, "created_at" datetime, "updated_at" datetime, "director" varchar(255)) [0m
  [1m[35m (13.4ms)[0m  CREATE TABLE "schema_migrations" ("version" varchar(255) NOT NULL) 
  [1m[36m (105.0ms)[0m  [1mCREATE UNIQUE INDEX "unique_schema_migrations" ON "schema_migrations" ("version")[0m
  [1m[35m (0.1ms)[0m  SELECT version FROM "schema_migrations"
  [1m[36m (9.5ms)[0m  [1mINSERT INTO "schema_migrations" (version) VALUES ('20160404111008')[0m
  [1m[35m (11.6ms)[0m  INSERT INTO "schema_migrations" (version) VALUES ('20111119180638')
